Removed Pin From Net: NetName=GND Pin=J6-A1
Removed Pin From Net: NetName=USB power Pin=J6-A4
Removed Pin From Net: NetName=USB power Pin=J6-A9
Removed Pin From Net: NetName=GND Pin=J6-A12
Removed Pin From Net: NetName=GND Pin=J6-B1
Removed Pin From Net: NetName=USB power Pin=J6-B4
Removed Pin From Net: NetName=USB power Pin=J6-B9
Change Component Footprint: Designator=J6 Old Footprint=BELFUSE_SS-52400-002 New Footprint=AMPHENOL_10155435-00021LF
Change Component Comment : Designator=J6 Old Comment=SS-52400-002 New Comment=10155435-00021LF
Change component parameters: Designator = "J6" ("J6"); Footprint = "BELFUSE_SS-52400-002"; UniqueID = "\ZONGJVFD" ("\ZONGJVFD")
Change component parameters (AddParameter): Name = "Availability"; Value = "Unavailable"; VariantName = "[No Variations]"
Change component parameters (AddParameter): Name = "MF"; Value = ""; VariantName = "[No Variations]"
Change component parameters (AddParameter): Name = "MP"; Value = "10155435-00021LF"; VariantName = "[No Variations]"
Change component parameters (AddParameter): Name = "Package"; Value = "None"; VariantName = "[No Variations]"
Change component parameters (AddParameter): Name = "Price"; Value = "None"; VariantName = "[No Variations]"
Change component parameters (AddParameter): Name = "Value"; Value = ""; VariantName = "[No Variations]"
Added Component: Designator=R10(RESC2012X60N)
Add component (AddParameter): Name = "Arrow Part Number"; Value = ""; VariantName = "[No Variations]"
Add component (AddParameter): Name = "Arrow Price/Stock"; Value = ""; VariantName = "[No Variations]"
Add component (AddParameter): Name = "Datasheet Link"; Value = "https://ms.componentsearchengine.com/Datasheets/1/CHP0805-FX-1002ELF.pdf"; VariantName = "[No Variations]"
Add component (AddParameter): Name = "Height"; Value = "0.6mm"; VariantName = "[No Variations]"
Add component (AddParameter): Name = "Manufacturer_Name"; Value = "Bourns"; VariantName = "[No Variations]"
Add component (AddParameter): Name = "Manufacturer_Part_Number"; Value = "CHP0805-FX-1002ELF"; VariantName = "[No Variations]"
Add component (AddParameter): Name = "Mouser Part Number"; Value = "652-CHP0805FX1002ELF"; VariantName = "[No Variations]"
Add component (AddParameter): Name = "Mouser Price/Stock"; Value = "https://www.mouser.co.uk/ProductDetail/Bourns/CHP0805-FX-1002ELF?qs=lc2O%252BfHJPVaDI6gsPdDtfw%3D%3D"; VariantName = "[No Variations]"
Added Component: Designator=R11(RESC2012X60N)
Add component (AddParameter): Name = "Arrow Part Number"; Value = ""; VariantName = "[No Variations]"
Add component (AddParameter): Name = "Arrow Price/Stock"; Value = ""; VariantName = "[No Variations]"
Add component (AddParameter): Name = "Datasheet Link"; Value = "https://ms.componentsearchengine.com/Datasheets/1/CHP0805-FX-1002ELF.pdf"; VariantName = "[No Variations]"
Add component (AddParameter): Name = "Height"; Value = "0.6mm"; VariantName = "[No Variations]"
Add component (AddParameter): Name = "Manufacturer_Name"; Value = "Bourns"; VariantName = "[No Variations]"
Add component (AddParameter): Name = "Manufacturer_Part_Number"; Value = "CHP0805-FX-1002ELF"; VariantName = "[No Variations]"
Add component (AddParameter): Name = "Mouser Part Number"; Value = "652-CHP0805FX1002ELF"; VariantName = "[No Variations]"
Add component (AddParameter): Name = "Mouser Price/Stock"; Value = "https://www.mouser.co.uk/ProductDetail/Bourns/CHP0805-FX-1002ELF?qs=lc2O%252BfHJPVaDI6gsPdDtfw%3D%3D"; VariantName = "[No Variations]"
Add Pin To Net: Unknown Pin: Pin J1-1
Add Pin To Net: Unknown Pin: Pin J1-2
Add Pin To Net: Unknown Pin: Pin J1-3
Add Pin To Net: Unknown Pin: Pin J1-4
Add Pin To Net: Unknown Pin: Pin J1-5
Add Pin To Net: Unknown Pin: Pin J1-6
Add Pin To Net: Unknown Pin: Pin J2-1
Add Pin To Net: Unknown Pin: Pin J2-2
Add Pin To Net: Unknown Pin: Pin J2-3
Add Pin To Net: Unknown Pin: Pin J2-4
Add Pin To Net: Unknown Pin: Pin J2-5
Add Pin To Net: Unknown Pin: Pin J2-6
Added Pin To Net: NetName=GND Pin=J6-A1_B12
Added Pin To Net: NetName=USB power Pin=J6-A4_B9
Added Pin To Net: NetName=GND Pin=J6-B1_A12
Added Pin To Net: NetName=USB power Pin=J6-B4_A9
Added Pin To Net: NetName=GND Pin=R10-1
Added Pin To Net: NetName=VCC Pin=R11-2
Added Pin To Net: NetName=NetR10_2 Pin=R10-2
Added Pin To Net: NetName=NetR10_2 Pin=U1-5
Added Net: Name=NetR10_2
Added Pin To Net: NetName=NetR11_1 Pin=R11-1
Added Pin To Net: NetName=NetR11_1 Pin=U1-17
Added Net: Name=NetR11_1
Added Member To Class: ClassName=main Member=Component J6 battery
Added Member To Class: ClassName=main Member=Component R10 PV37W501C01B00
Added Member To Class: ClassName=main Member=Component R11 PV37W501C01B00
